[0.013s] Invoking command in '/home/amisha/ws_mobile/build/mobile_robot': CMAKE_PREFIX_PATH=${CMAKE_PREFIX_PATH}:/opt/ros/iron /usr/bin/cmake --build /home/amisha/ws_mobile/build/mobile_robot -- -j2 -l2
[0.093s] Invoked command in '/home/amisha/ws_mobile/build/mobile_robot' returned '0': CMAKE_PREFIX_PATH=${CMAKE_PREFIX_PATH}:/opt/ros/iron /usr/bin/cmake --build /home/amisha/ws_mobile/build/mobile_robot -- -j2 -l2
[0.149s] Invoking command in '/home/amisha/ws_mobile/build/mobile_robot': CMAKE_PREFIX_PATH=${CMAKE_PREFIX_PATH}:/opt/ros/iron /usr/bin/cmake --install /home/amisha/ws_mobile/build/mobile_robot
[0.158s] -- Install configuration: ""
[0.158s] -- Up-to-date: /home/amisha/ws_mobile/install/mobile_robot/share/mobile_robot/launch
[0.158s] -- Installing: /home/amisha/ws_mobile/install/mobile_robot/share/mobile_robot/launch/gazebo_model.launch.py
[0.158s] -- Up-to-date: /home/amisha/ws_mobile/install/mobile_robot/share/mobile_robot/model
[0.158s] -- Up-to-date: /home/amisha/ws_mobile/install/mobile_robot/share/mobile_robot/model/robot.gazebo
[0.158s] -- Up-to-date: /home/amisha/ws_mobile/install/mobile_robot/share/mobile_robot/model/robot.xacro
[0.158s] -- Up-to-date: /home/amisha/ws_mobile/install/mobile_robot/share/ament_index/resource_index/package_run_dependencies/mobile_robot
[0.158s] -- Up-to-date: /home/amisha/ws_mobile/install/mobile_robot/share/ament_index/resource_index/parent_prefix_path/mobile_robot
[0.158s] -- Up-to-date: /home/amisha/ws_mobile/install/mobile_robot/share/mobile_robot/environment/ament_prefix_path.sh
[0.158s] -- Up-to-date: /home/amisha/ws_mobile/install/mobile_robot/share/mobile_robot/environment/ament_prefix_path.dsv
[0.158s] -- Up-to-date: /home/amisha/ws_mobile/install/mobile_robot/share/mobile_robot/environment/path.sh
[0.158s] -- Up-to-date: /home/amisha/ws_mobile/install/mobile_robot/share/mobile_robot/environment/path.dsv
[0.159s] -- Up-to-date: /home/amisha/ws_mobile/install/mobile_robot/share/mobile_robot/local_setup.bash
[0.159s] -- Up-to-date: /home/amisha/ws_mobile/install/mobile_robot/share/mobile_robot/local_setup.sh
[0.159s] -- Up-to-date: /home/amisha/ws_mobile/install/mobile_robot/share/mobile_robot/local_setup.zsh
[0.159s] -- Up-to-date: /home/amisha/ws_mobile/install/mobile_robot/share/mobile_robot/local_setup.dsv
[0.159s] -- Installing: /home/amisha/ws_mobile/install/mobile_robot/share/mobile_robot/package.dsv
[0.159s] -- Up-to-date: /home/amisha/ws_mobile/install/mobile_robot/share/ament_index/resource_index/packages/mobile_robot
[0.159s] -- Up-to-date: /home/amisha/ws_mobile/install/mobile_robot/share/mobile_robot/cmake/mobile_robotConfig.cmake
[0.159s] -- Up-to-date: /home/amisha/ws_mobile/install/mobile_robot/share/mobile_robot/cmake/mobile_robotConfig-version.cmake
[0.159s] -- Up-to-date: /home/amisha/ws_mobile/install/mobile_robot/share/mobile_robot/package.xml
[0.161s] Invoked command in '/home/amisha/ws_mobile/build/mobile_robot' returned '0': CMAKE_PREFIX_PATH=${CMAKE_PREFIX_PATH}:/opt/ros/iron /usr/bin/cmake --install /home/amisha/ws_mobile/build/mobile_robot
