[0.020s] Invoking command in '/home/amisha/ws_mobile/build/mobile_robot': CMAKE_PREFIX_PATH=${CMAKE_PREFIX_PATH}:/opt/ros/iron /usr/bin/cmake --build /home/amisha/ws_mobile/build/mobile_robot -- -j2 -l2
[0.038s] -- Found ament_cmake: 2.0.5 (/opt/ros/iron/share/ament_cmake/cmake)
[0.190s] -- Found ament_lint_auto: 0.14.3 (/opt/ros/iron/share/ament_lint_auto/cmake)
[0.271s] -- Added test 'flake8' to check Python code syntax and style conventions
[0.271s] -- Configured 'flake8' exclude dirs and/or files: 
[0.272s] -- Added test 'lint_cmake' to check CMake code style
[0.273s] -- Added test 'pep257' to check Python code against some of the docstring style conventions in PEP 257
[0.274s] -- Added test 'xmllint' to check XML markup files
[0.279s] -- Configuring done
[0.289s] -- Generating done
[0.291s] -- Build files have been written to: /home/amisha/ws_mobile/build/mobile_robot
[0.311s] Invoked command in '/home/amisha/ws_mobile/build/mobile_robot' returned '0': CMAKE_PREFIX_PATH=${CMAKE_PREFIX_PATH}:/opt/ros/iron /usr/bin/cmake --build /home/amisha/ws_mobile/build/mobile_robot -- -j2 -l2
[0.355s] Invoking command in '/home/amisha/ws_mobile/build/mobile_robot': CMAKE_PREFIX_PATH=${CMAKE_PREFIX_PATH}:/opt/ros/iron /usr/bin/cmake --install /home/amisha/ws_mobile/build/mobile_robot
[0.362s] -- Install configuration: ""
[0.362s] -- Installing: /home/amisha/ws_mobile/install/mobile_robot/share/mobile_robot/launch
[0.363s] -- Installing: /home/amisha/ws_mobile/install/mobile_robot/share/mobile_robot/launch/gazebo_model.launch.py
[0.363s] -- Installing: /home/amisha/ws_mobile/install/mobile_robot/share/mobile_robot/model
[0.363s] -- Installing: /home/amisha/ws_mobile/install/mobile_robot/share/mobile_robot/model/robot.gazebo
[0.363s] -- Installing: /home/amisha/ws_mobile/install/mobile_robot/share/mobile_robot/model/robot.xacro
[0.363s] -- Installing: /home/amisha/ws_mobile/install/mobile_robot/share/ament_index/resource_index/package_run_dependencies/mobile_robot
[0.364s] -- Installing: /home/amisha/ws_mobile/install/mobile_robot/share/ament_index/resource_index/parent_prefix_path/mobile_robot
[0.364s] -- Up-to-date: /home/amisha/ws_mobile/install/mobile_robot/share/mobile_robot/environment/ament_prefix_path.sh
[0.365s] -- Up-to-date: /home/amisha/ws_mobile/install/mobile_robot/share/mobile_robot/environment/ament_prefix_path.dsv
[0.365s] -- Up-to-date: /home/amisha/ws_mobile/install/mobile_robot/share/mobile_robot/environment/path.sh
[0.365s] -- Up-to-date: /home/amisha/ws_mobile/install/mobile_robot/share/mobile_robot/environment/path.dsv
[0.365s] -- Up-to-date: /home/amisha/ws_mobile/install/mobile_robot/share/mobile_robot/local_setup.bash
[0.366s] -- Up-to-date: /home/amisha/ws_mobile/install/mobile_robot/share/mobile_robot/local_setup.sh
[0.366s] -- Up-to-date: /home/amisha/ws_mobile/install/mobile_robot/share/mobile_robot/local_setup.zsh
[0.366s] -- Up-to-date: /home/amisha/ws_mobile/install/mobile_robot/share/mobile_robot/local_setup.dsv
[0.366s] -- Installing: /home/amisha/ws_mobile/install/mobile_robot/share/mobile_robot/package.dsv
[0.366s] -- Up-to-date: /home/amisha/ws_mobile/install/mobile_robot/share/ament_index/resource_index/packages/mobile_robot
[0.367s] -- Up-to-date: /home/amisha/ws_mobile/install/mobile_robot/share/mobile_robot/cmake/mobile_robotConfig.cmake
[0.367s] -- Up-to-date: /home/amisha/ws_mobile/install/mobile_robot/share/mobile_robot/cmake/mobile_robotConfig-version.cmake
[0.367s] -- Installing: /home/amisha/ws_mobile/install/mobile_robot/share/mobile_robot/package.xml
[0.369s] Invoked command in '/home/amisha/ws_mobile/build/mobile_robot' returned '0': CMAKE_PREFIX_PATH=${CMAKE_PREFIX_PATH}:/opt/ros/iron /usr/bin/cmake --install /home/amisha/ws_mobile/build/mobile_robot
